[2023-10-16 12:01:05,321] multiqc                                            [DEBUG  ]  This is MultiQC v1.14
[2023-10-16 12:01:05,321] multiqc                                            [DEBUG  ]  Command used: /usr/local/bin/multiqc QC
[2023-10-16 12:01:05,716] multiqc                                            [WARNING]  MultiQC Version v1.16 now available!
[2023-10-16 12:01:05,716] multiqc                                            [DEBUG  ]  Working dir : /fujinomics/bioinfo/primary/pipelines/nf-core-multiqc/work/7b/f289f7e942ec5fadda8345fefa8c44
[2023-10-16 12:01:05,716] multiqc                                            [DEBUG  ]  Template    : default
[2023-10-16 12:01:05,716] multiqc                                            [DEBUG  ]  Running Python 3.11.0 | packaged by conda-forge | (main, Oct 25 2022, 06:24:40) [GCC 10.4.0]
[2023-10-16 12:01:05,717] multiqc                                            [DEBUG  ]  Analysing modules: custom_content, ccs, ngsderive, purple, conpair, lima, peddy, somalier, methylQA, mosdepth, phantompeakqualtools, qualimap, preseq, hifiasm, quast, qorts, rna_seqc, rockhopper, rsem, rseqc, busco, bustools, goleft_indexcov, gffcompare, disambiguate, supernova, deeptools, sargasso, verifybamid, mirtrace, happy, mirtop, sambamba, gopeaks, homer, hops, macs2, theta2, snpeff, gatk, htseq, bcftools, featureCounts, fgbio, dragen, dragen_fastqc, dedup, pbmarkdup, damageprofiler, biobambam2, jcvi, mtnucratio, picard, vep, sentieon, prokka, qc3C, nanostat, samblaster, samtools, sexdeterrmine, eigenstratdatabasetools, bamtools, jellyfish, vcftools, longranger, stacks, varscan2, snippy, umitools, bbmap, bismark, biscuit, diamond, hicexplorer, hicup, hicpro, salmon, kallisto, slamdunk, star, hisat2, tophat, bowtie2, bowtie1, cellranger, snpsplit, odgi, pangolin, nextclade, humid, kat, leehom, adapterRemoval, bbduk, clipandmerge, cutadapt, flexbar, kaiju, kraken, malt, motus, trimmomatic, sickle, skewer, sortmerna, biobloomtools, fastq_screen, afterqc, fastp, fastqc, filtlong, prinseqplusplus, pychopper, porechop, pycoqc, minionqc, anglerfish, multivcfanalyzer, clusterflow, checkqc, bcl2fastq, bclconvert, interop, ivar, flash, seqyclean, optitype, whatshap
[2023-10-16 12:01:05,717] multiqc                                            [DEBUG  ]  Using temporary directory for creating report: /tmp/tmpqv6d05x7
[2023-10-16 12:01:05,828] multiqc                                            [INFO   ]  Search path : /fujinomics/bioinfo/primary/pipelines/nf-core-multiqc/work/7b/f289f7e942ec5fadda8345fefa8c44/QC
[2023-10-16 12:01:06,119] multiqc                                            [DEBUG  ]  Summary of files that were skipped by the search: [skipped_module_specific_max_filesize: 82] // [skipped_no_match: 13] // [skipped_ignore_pattern: 3] // [skipped_directory_fn_ignore_dirs: 1]
[2023-10-16 12:01:06,334] multiqc.plots.bargraph                             [DEBUG  ]  Using matplotlib version 3.6.2
[2023-10-16 12:01:06,334] multiqc.plots.linegraph                            [DEBUG  ]  Using matplotlib version 3.6.2
[2023-10-16 12:01:06,335] multiqc                                            [DEBUG  ]  No samples found: custom_content
[2023-10-16 12:01:06,383] multiqc.modules.fastqc.fastqc                      [INFO   ]  Found 6 reports
[2023-10-16 12:01:06,420] multiqc.modules.interop.interop                    [INFO   ]  Found 2 reports
[2023-10-16 12:01:06,434] multiqc                                            [INFO   ]  Compressing plot data
[2023-10-16 12:01:06,475] multiqc                                            [INFO   ]  Report      : multiqc_report.html
[2023-10-16 12:01:06,475] multiqc                                            [INFO   ]  Data        : multiqc_data
[2023-10-16 12:01:06,475] multiqc                                            [DEBUG  ]  Moving data file from '/tmp/tmpqv6d05x7/multiqc_data' to '/fujinomics/bioinfo/primary/pipelines/nf-core-multiqc/work/7b/f289f7e942ec5fadda8345fefa8c44/multiqc_data'
[2023-10-16 12:01:06,536] multiqc                                            [INFO   ]  MultiQC complete
